{
  "RSpec": {
    "coverage": {
      "/Users/stephenfabian/Turing/1mod/projects/Enigma/lib/enigma.rb": {
        "lines": [
          1,
          1,
          1,
          1,
          null,
          1,
          1,
          null,
          1,
          10,
          10,
          null,
          null,
          null,
          1,
          null,
          4,
          null,
          4,
          4,
          null,
          4,
          null,
          4,
          4,
          4,
          null,
          4,
          null,
          null,
          1,
          null,
          2,
          null,
          2,
          2,
          null,
          2,
          null,
          2,
          2,
          2,
          null,
          2,
          null,
          null,
          null
        ]
      },
      "/Users/stephenfabian/Turing/1mod/projects/Enigma/lib/inputs.rb": {
        "lines": [
          1,
          1,
          null,
          1,
          8,
          6,
          null,
          2,
          2,
          null,
          8,
          null,
          null,
          1,
          8,
          4,
          null,
          4,
          null,
          8,
          null,
          null,
          null
        ]
      },
      "/Users/stephenfabian/Turing/1mod/projects/Enigma/lib/rotate.rb": {
        "lines": [
          1,
          null,
          1,
          1,
          null,
          1,
          7,
          7,
          7,
          78,
          21,
          57,
          21,
          36,
          21,
          15,
          15,
          null,
          null,
          7,
          null,
          null,
          1,
          80,
          80,
          80,
          80,
          79,
          null,
          null,
          null
        ]
      },
      "/Users/stephenfabian/Turing/1mod/projects/Enigma/lib/shiftable.rb": {
        "lines": [
          1,
          null,
          1,
          35,
          null,
          35,
          35,
          35,
          35,
          null,
          35,
          null,
          null,
          1,
          35,
          35,
          35,
          null,
          35,
          35,
          35,
          35,
          null,
          35,
          null,
          null,
          1,
          5,
          5,
          5,
          5,
          5,
          null,
          5,
          null,
          null,
          1,
          3,
          3,
          3,
          3,
          3,
          null,
          3,
          null,
          null,
          null,
          null
        ]
      },
      "/Users/stephenfabian/Turing/1mod/projects/Enigma/spec/inputs_spec.rb": {
        "lines": [
          1,
          1,
          null,
          1,
          null,
          1,
          3,
          null,
          null,
          1,
          1,
          null,
          null,
          1,
          1,
          1,
          null,
          null,
          1,
          1,
          1,
          null,
          null,
          null
        ]
      },
      "/Users/stephenfabian/Turing/1mod/projects/Enigma/spec/rotate_spec.rb": {
        "lines": [
          1,
          1,
          null,
          1,
          1,
          3,
          null,
          null,
          1,
          1,
          null,
          null,
          1,
          1,
          null,
          1,
          null,
          null,
          1,
          1,
          1,
          null,
          null,
          null
        ]
      }
    },
    "timestamp": 1660000730
  }
}
